Size: 8
     A   B   C   D   E   F   G   H 
   +---+---+---+---+---+---+---+---+
1  |   |   |   |   |   |   |   |   |
   +---+---+---+---+---+---+---+---+
2  |   |   |   |   |   |   |   |   |
   +---+---+---+---+---+---+---+---+
3  |   |   |   |   |   |   |   |   |
   +---+---+---+---+---+---+---+---+
4  |   |   |   | L | D |   |   |   |
   +---+---+---+---+---+---+---+---+
5  |   |   |   | D | L |   |   |   |
   +---+---+---+---+---+---+---+---+
6  |   |   |   |   |   |   |   |   |
   +---+---+---+---+---+---+---+---+
7  |   |   |   |   |   |   |   |   |
   +---+---+---+---+---+---+---+---+
8  |   |   |   |   |   |   |   |   |
   +---+---+---+---+---+---+---+---+
Move played: --
Dark player (human) plays now
Score: Light 2 - Dark 2
